16:26:44.546 [main] INFO  test.TC002_LoginTest - ********Starting TC002_LoginTest**********
16:26:48.931 [main] INFO  test.TC002_LoginTest - ********Starting TC002_LoginTest**********
16:26:50.644 [main] INFO  test.TC002_LoginTest - ********Starting TC002_LoginTest**********
16:26:52.408 [main] INFO  test.TC002_LoginTest - ********Starting TC002_LoginTest**********
16:26:59.113 [main] INFO  test.TC004_PlaceOrder - ********Starting TC004_PlaceOrder**********
16:27:42.452 [main] INFO  test.TC012_ResponsiveTest - ********Starting TC012_ResponsiveTest**********
16:27:48.937 [main] INFO  test.TC006_Viewproductdetails - ********Starting TC006_Viewproductdetails**********
16:27:57.598 [main] INFO  test.TC008_UIUXTesting - ********Starting TC008_UIUXTesting**********
16:28:02.782 [main] INFO  test.TC008_UIUXTesting - ********Starting TC008_UIUXTesting**********
16:28:06.208 [main] INFO  test.TC008_UIUXTesting - ********Starting TC008_UIUXTesting**********
16:28:15.030 [main] INFO  test.TC003_CartFunctionTest - ********Starting TC003_CartFunctionTest**********
16:28:57.324 [main] INFO  test.TC001_SignUpTest - ********Starting TC001_SignUpTest**********
16:29:02.176 [main] INFO  test.TC001_SignUpTest - ********Finishing TC001_SignUpTest**********
16:29:04.641 [main] INFO  test.TC010_FontConsistency - ********Starting TC010_FontConsistency**********
16:29:15.673 [main] INFO  test.TC011_TestAlert_PopupStyling - ********Starting TC011_TestAlert_PopupStyling**********
16:29:32.352 [main] INFO  test.TC007_VerifyNavigation - ********Starting TC007_VerifyNavigation**********
16:29:42.647 [main] INFO  test.TC009_visibilityofaction - ********Starting TC009_visibilityofaction**********
16:30:10.874 [main] INFO  test.TC005_CategoryProducttest - ********Starting TC005_CategoryProducttest**********
19:13:41.870 [main] INFO  test.TC002_LoginTest - ********Starting TC002_LoginTest**********
19:13:48.138 [main] INFO  test.TC002_LoginTest - ********Starting TC002_LoginTest**********
19:13:49.502 [main] INFO  test.TC002_LoginTest - ********Starting TC002_LoginTest**********
19:13:50.652 [main] INFO  test.TC002_LoginTest - ********Starting TC002_LoginTest**********
19:13:56.564 [main] INFO  test.TC004_PlaceOrder - ********Starting TC004_PlaceOrder**********
19:14:39.426 [main] INFO  test.TC012_ResponsiveTest - ********Starting TC012_ResponsiveTest**********
19:14:44.867 [main] INFO  test.TC006_Viewproductdetails - ********Starting TC006_Viewproductdetails**********
19:14:52.268 [main] INFO  test.TC008_UIUXTesting - ********Starting TC008_UIUXTesting**********
19:14:55.618 [main] INFO  test.TC008_UIUXTesting - ********Starting TC008_UIUXTesting**********
19:14:58.016 [main] INFO  test.TC008_UIUXTesting - ********Starting TC008_UIUXTesting**********
19:15:03.633 [main] INFO  test.TC003_CartFunctionTest - ********Starting TC003_CartFunctionTest**********
19:15:44.633 [main] INFO  test.TC001_SignUpTest - ********Starting TC001_SignUpTest**********
19:15:50.152 [main] INFO  test.TC001_SignUpTest - ********Finishing TC001_SignUpTest**********
19:15:52.530 [main] INFO  test.TC010_FontConsistency - ********Starting TC010_FontConsistency**********
19:16:03.888 [main] INFO  test.TC011_TestAlert_PopupStyling - ********Starting TC011_TestAlert_PopupStyling**********
19:16:19.302 [main] INFO  test.TC007_VerifyNavigation - ********Starting TC007_VerifyNavigation**********
19:16:28.037 [main] INFO  test.TC009_visibilityofaction - ********Starting TC009_visibilityofaction**********
19:16:55.785 [main] INFO  test.TC005_CategoryProducttest - ********Starting TC005_CategoryProducttest**********
20:04:44.133 [main] INFO  test.TC004_PlaceOrder - ********Starting TC004_PlaceOrder**********
20:05:35.116 [main] INFO  test.TC002_LoginTest - ********Starting TC002_LoginTest**********
20:05:40.516 [main] INFO  test.TC002_LoginTest - ********Starting TC002_LoginTest**********
20:05:41.901 [main] INFO  test.TC002_LoginTest - ********Starting TC002_LoginTest**********
20:05:42.997 [main] INFO  test.TC002_LoginTest - ********Starting TC002_LoginTest**********
20:05:47.995 [main] INFO  test.TC004_PlaceOrder - ********Starting TC004_PlaceOrder**********
20:06:10.129 [main] INFO  test.TC012_ResponsiveTest - ********Starting TC012_ResponsiveTest**********
20:06:16.474 [main] INFO  test.TC006_Viewproductdetails - ********Starting TC006_Viewproductdetails**********
20:06:24.153 [main] INFO  test.TC008_UIUXTesting - ********Starting TC008_UIUXTesting**********
20:06:27.480 [main] INFO  test.TC008_UIUXTesting - ********Starting TC008_UIUXTesting**********
20:06:29.949 [main] INFO  test.TC008_UIUXTesting - ********Starting TC008_UIUXTesting**********
20:06:35.597 [main] INFO  test.TC003_CartFunctionTest - ********Starting TC003_CartFunctionTest**********
20:07:15.515 [main] INFO  test.TC001_SignUpTest - ********Starting TC001_SignUpTest**********
20:08:02.311 [main] INFO  test.TC010_FontConsistency - ********Starting TC010_FontConsistency**********
20:08:12.912 [main] INFO  test.TC011_TestAlert_PopupStyling - ********Starting TC011_TestAlert_PopupStyling**********
20:08:29.406 [main] INFO  test.TC007_VerifyNavigation - ********Starting TC007_VerifyNavigation**********
20:08:38.291 [main] INFO  test.TC009_visibilityofaction - ********Starting TC009_visibilityofaction**********
20:09:06.943 [main] INFO  test.TC005_CategoryProducttest - ********Starting TC005_CategoryProducttest**********
20:17:26.500 [main] INFO  test.TC001_SignUpTest - ********Finishing TC001_SignUpTest**********
20:17:47.703 [main] INFO  test.TC002_LoginTest - ********Starting TC002_LoginTest**********
20:17:50.903 [main] INFO  test.TC002_LoginTest - ********Starting TC002_LoginTest**********
20:17:52.352 [main] INFO  test.TC002_LoginTest - ********Starting TC002_LoginTest**********
20:17:53.423 [main] INFO  test.TC002_LoginTest - ********Starting TC002_LoginTest**********
20:17:59.522 [main] INFO  test.TC004_PlaceOrder - ********Starting TC004_PlaceOrder**********
20:18:24.256 [main] INFO  test.TC012_ResponsiveTest - ********Starting TC012_ResponsiveTest**********
20:18:31.095 [main] INFO  test.TC006_Viewproductdetails - ********Starting TC006_Viewproductdetails**********
20:18:41.954 [main] INFO  test.TC008_UIUXTesting - ********Starting TC008_UIUXTesting**********
20:18:47.758 [main] INFO  test.TC008_UIUXTesting - ********Starting TC008_UIUXTesting**********
20:18:51.098 [main] INFO  test.TC008_UIUXTesting - ********Starting TC008_UIUXTesting**********
20:19:00.146 [main] INFO  test.TC003_CartFunctionTest - ********Starting TC003_CartFunctionTest**********
20:19:43.054 [main] INFO  test.TC001_SignUpTest - ********Starting TC001_SignUpTest**********
20:19:47.366 [main] INFO  test.TC001_SignUpTest - ********Finishing TC001_SignUpTest**********
20:19:49.972 [main] INFO  test.TC010_FontConsistency - ********Starting TC010_FontConsistency**********
20:19:58.945 [main] INFO  test.TC011_TestAlert_PopupStyling - ********Starting TC011_TestAlert_PopupStyling**********
20:20:15.918 [main] INFO  test.TC007_VerifyNavigation - ********Starting TC007_VerifyNavigation**********
20:20:27.571 [main] INFO  test.TC009_visibilityofaction - ********Starting TC009_visibilityofaction**********
20:20:55.449 [main] INFO  test.TC005_CategoryProducttest - ********Starting TC005_CategoryProducttest**********
20:30:31.804 [main] INFO  test.TC002_LoginTest - ********Starting TC002_LoginTest**********
20:30:35.182 [main] INFO  test.TC002_LoginTest - ********Starting TC002_LoginTest**********
20:30:36.536 [main] INFO  test.TC002_LoginTest - ********Starting TC002_LoginTest**********
20:30:37.612 [main] INFO  test.TC002_LoginTest - ********Starting TC002_LoginTest**********
20:30:42.734 [main] INFO  test.TC004_PlaceOrder - ********Starting TC004_PlaceOrder**********
20:32:02.197 [TestNG-tests-2] INFO  test.TC011_TestAlert_PopupStyling - ********Starting TC011_TestAlert_PopupStyling**********
20:32:02.338 [TestNG-tests-1] INFO  test.TC011_TestAlert_PopupStyling - ********Starting TC011_TestAlert_PopupStyling**********
20:32:07.219 [TestNG-tests-1] INFO  test.TC010_FontConsistency - ********Starting TC010_FontConsistency**********
20:32:19.785 [TestNG-tests-1] INFO  test.TC007_VerifyNavigation - ********Starting TC007_VerifyNavigation**********
20:32:24.234 [TestNG-tests-1] INFO  test.TC002_LoginTest - ********Starting TC002_LoginTest**********
20:32:28.129 [TestNG-tests-1] INFO  test.TC002_LoginTest - ********Starting TC002_LoginTest**********
20:32:29.588 [TestNG-tests-1] INFO  test.TC002_LoginTest - ********Starting TC002_LoginTest**********
20:32:30.686 [TestNG-tests-1] INFO  test.TC002_LoginTest - ********Starting TC002_LoginTest**********
20:32:35.735 [TestNG-tests-1] INFO  test.TC006_Viewproductdetails - ********Starting TC006_Viewproductdetails**********
20:32:42.957 [TestNG-tests-1] INFO  test.TC012_ResponsiveTest - ********Starting TC012_ResponsiveTest**********
20:32:49.180 [TestNG-tests-1] INFO  test.TC008_UIUXTesting - ********Starting TC008_UIUXTesting**********
20:32:55.437 [TestNG-tests-1] INFO  test.TC009_visibilityofaction - ********Starting TC009_visibilityofaction**********
20:33:03.744 [TestNG-tests-1] INFO  test.TC008_UIUXTesting - ********Starting TC008_UIUXTesting**********
20:33:07.439 [TestNG-tests-1] INFO  test.TC008_UIUXTesting - ********Starting TC008_UIUXTesting**********
20:36:41.798 [main] INFO  test.TC001_SignUpTest - ********Finishing TC001_SignUpTest**********
20:40:10.855 [TestNG-tests-2] INFO  test.TC011_TestAlert_PopupStyling - ********Starting TC011_TestAlert_PopupStyling**********
20:40:10.977 [TestNG-tests-1] INFO  test.TC011_TestAlert_PopupStyling - ********Starting TC011_TestAlert_PopupStyling**********
20:40:15.438 [TestNG-tests-1] INFO  test.TC010_FontConsistency - ********Starting TC010_FontConsistency**********
20:40:27.745 [TestNG-tests-1] INFO  test.TC007_VerifyNavigation - ********Starting TC007_VerifyNavigation**********
20:40:32.522 [TestNG-tests-1] INFO  test.TC002_LoginTest - ********Starting TC002_LoginTest**********
20:40:35.556 [TestNG-tests-1] INFO  test.TC002_LoginTest - ********Starting TC002_LoginTest**********
20:40:36.919 [TestNG-tests-1] INFO  test.TC002_LoginTest - ********Starting TC002_LoginTest**********
20:40:38.080 [TestNG-tests-1] INFO  test.TC002_LoginTest - ********Starting TC002_LoginTest**********
20:40:43.293 [TestNG-tests-1] INFO  test.TC006_Viewproductdetails - ********Starting TC006_Viewproductdetails**********
20:40:50.580 [TestNG-tests-1] INFO  test.TC012_ResponsiveTest - ********Starting TC012_ResponsiveTest**********
20:40:55.894 [TestNG-tests-1] INFO  test.TC008_UIUXTesting - ********Starting TC008_UIUXTesting**********
20:41:01.449 [TestNG-tests-1] INFO  test.TC009_visibilityofaction - ********Starting TC009_visibilityofaction**********
20:41:09.354 [TestNG-tests-1] INFO  test.TC008_UIUXTesting - ********Starting TC008_UIUXTesting**********
20:41:14.680 [TestNG-tests-1] INFO  test.TC008_UIUXTesting - ********Starting TC008_UIUXTesting**********
20:49:02.813 [TestNG-tests-2] INFO  test.TC011_TestAlert_PopupStyling - ********Starting TC011_TestAlert_PopupStyling**********
20:49:02.913 [TestNG-tests-1] INFO  test.TC011_TestAlert_PopupStyling - ********Starting TC011_TestAlert_PopupStyling**********
20:49:09.448 [TestNG-tests-2] INFO  test.TC010_FontConsistency - ********Starting TC010_FontConsistency**********
20:49:09.564 [TestNG-tests-1] INFO  test.TC010_FontConsistency - ********Starting TC010_FontConsistency**********
20:49:21.907 [TestNG-tests-1] INFO  test.TC007_VerifyNavigation - ********Starting TC007_VerifyNavigation**********
20:49:24.514 [TestNG-tests-2] INFO  test.TC002_LoginTest - ********Starting TC002_LoginTest**********
20:49:49.889 [TestNG-tests-1] INFO  test.TC002_LoginTest - ********Starting TC002_LoginTest**********
20:49:50.923 [TestNG-tests-2] INFO  test.TC002_LoginTest - ********Starting TC002_LoginTest**********
20:50:10.136 [TestNG-tests-1] INFO  test.TC002_LoginTest - ********Starting TC002_LoginTest**********
20:50:30.463 [TestNG-tests-2] INFO  test.TC002_LoginTest - ********Starting TC002_LoginTest**********
20:50:50.541 [TestNG-tests-1] INFO  test.TC002_LoginTest - ********Starting TC002_LoginTest**********
20:51:11.138 [TestNG-tests-2] INFO  test.TC002_LoginTest - ********Starting TC002_LoginTest**********
20:51:31.237 [TestNG-tests-1] INFO  test.TC002_LoginTest - ********Starting TC002_LoginTest**********
20:52:19.602 [TestNG-tests-2] INFO  test.TC006_Viewproductdetails - ********Starting TC006_Viewproductdetails**********
20:52:19.799 [TestNG-tests-1] INFO  test.TC006_Viewproductdetails - ********Starting TC006_Viewproductdetails**********
20:52:26.265 [TestNG-tests-1] INFO  test.TC012_ResponsiveTest - ********Starting TC012_ResponsiveTest**********
20:52:26.499 [TestNG-tests-2] INFO  test.TC012_ResponsiveTest - ********Starting TC012_ResponsiveTest**********
20:52:37.976 [TestNG-tests-1] INFO  test.TC008_UIUXTesting - ********Starting TC008_UIUXTesting**********
20:52:38.064 [TestNG-tests-2] INFO  test.TC008_UIUXTesting - ********Starting TC008_UIUXTesting**********
20:52:43.079 [TestNG-tests-2] INFO  test.TC009_visibilityofaction - ********Starting TC009_visibilityofaction**********
20:52:51.016 [TestNG-tests-1] INFO  test.TC009_visibilityofaction - ********Starting TC009_visibilityofaction**********
20:52:59.500 [TestNG-tests-2] INFO  test.TC003_CartFunctionTest - ********Starting TC003_CartFunctionTest**********
20:53:04.085 [TestNG-tests-1] INFO  test.TC003_CartFunctionTest - ********Starting TC003_CartFunctionTest**********
20:53:09.110 [TestNG-tests-2] INFO  test.TC004_PlaceOrder - ********Starting TC004_PlaceOrder**********
20:53:37.905 [TestNG-tests-2] INFO  test.TC001_SignUpTest - ********Starting TC001_SignUpTest**********
20:54:48.855 [TestNG-tests-1] INFO  test.TC004_PlaceOrder - ********Starting TC004_PlaceOrder**********
20:55:08.394 [TestNG-tests-1] INFO  test.TC001_SignUpTest - ********Starting TC001_SignUpTest**********
21:02:37.380 [TestNG-tests-2] INFO  test.TC011_TestAlert_PopupStyling - ********Starting TC011_TestAlert_PopupStyling**********
21:02:37.607 [TestNG-tests-1] INFO  test.TC011_TestAlert_PopupStyling - ********Starting TC011_TestAlert_PopupStyling**********
21:02:44.530 [TestNG-tests-2] INFO  test.TC010_FontConsistency - ********Starting TC010_FontConsistency**********
21:02:44.760 [TestNG-tests-1] INFO  test.TC010_FontConsistency - ********Starting TC010_FontConsistency**********
21:03:00.620 [TestNG-tests-1] INFO  test.TC002_LoginTest - ********Starting TC002_LoginTest**********
21:03:02.964 [TestNG-tests-1] INFO  test.TC002_LoginTest - ********Starting TC002_LoginTest**********
21:03:04.093 [TestNG-tests-1] INFO  test.TC002_LoginTest - ********Starting TC002_LoginTest**********
21:03:14.910 [TestNG-tests-1] INFO  test.TC006_Viewproductdetails - ********Starting TC006_Viewproductdetails**********
21:03:20.440 [TestNG-tests-2] INFO  test.TC002_LoginTest - ********Starting TC002_LoginTest**********
21:03:41.988 [TestNG-tests-2] INFO  test.TC002_LoginTest - ********Starting TC002_LoginTest**********
21:03:41.998 [TestNG-tests-2] INFO  test.TC002_LoginTest - ********Starting TC002_LoginTest**********
21:03:42.006 [TestNG-tests-2] INFO  test.TC002_LoginTest - ********Starting TC002_LoginTest**********
21:03:48.826 [TestNG-tests-1] INFO  test.TC008_UIUXTesting - ********Starting TC008_UIUXTesting**********
21:03:49.030 [TestNG-tests-2] INFO  test.TC006_Viewproductdetails - ********Starting TC006_Viewproductdetails**********
21:03:59.652 [TestNG-tests-1] INFO  test.TC009_visibilityofaction - ********Starting TC009_visibilityofaction**********
21:04:00.174 [TestNG-tests-2] INFO  test.TC008_UIUXTesting - ********Starting TC008_UIUXTesting**********
21:04:24.046 [TestNG-tests-2] INFO  test.TC009_visibilityofaction - ********Starting TC009_visibilityofaction**********
21:04:33.065 [TestNG-tests-2] INFO  test.TC003_CartFunctionTest - ********Starting TC003_CartFunctionTest**********
21:04:33.139 [TestNG-tests-1] INFO  test.TC003_CartFunctionTest - ********Starting TC003_CartFunctionTest**********
21:04:42.889 [TestNG-tests-1] INFO  test.TC005_CategoryProducttest - ********Starting TC005_CategoryProducttest**********
21:04:57.735 [TestNG-tests-1] INFO  test.TC004_PlaceOrder - ********Starting TC004_PlaceOrder**********
21:05:02.287 [TestNG-tests-2] INFO  test.TC005_CategoryProducttest - ********Starting TC005_CategoryProducttest**********
08:03:33.354 [main] INFO  test.TC002_LoginTest - ********Starting TC002_LoginTest**********
08:03:38.297 [main] INFO  test.TC002_LoginTest - ********Starting TC002_LoginTest**********
08:03:41.783 [main] INFO  test.TC002_LoginTest - ********Starting TC002_LoginTest**********
08:03:43.629 [main] INFO  test.TC002_LoginTest - ********Starting TC002_LoginTest**********
08:03:50.454 [main] INFO  test.TC004_PlaceOrder - ********Starting TC004_PlaceOrder**********
08:04:16.989 [main] INFO  test.TC012_ResponsiveTest - ********Starting TC012_ResponsiveTest**********
08:04:23.838 [main] INFO  test.TC006_Viewproductdetails - ********Starting TC006_Viewproductdetails**********
08:04:32.017 [main] INFO  test.TC008_UIUXTesting - ********Starting TC008_UIUXTesting**********
08:04:36.861 [main] INFO  test.TC008_UIUXTesting - ********Starting TC008_UIUXTesting**********
08:04:40.595 [main] INFO  test.TC008_UIUXTesting - ********Starting TC008_UIUXTesting**********
08:04:48.615 [main] INFO  test.TC003_CartFunctionTest - ********Starting TC003_CartFunctionTest**********
08:05:30.226 [main] INFO  test.TC001_SignUpTest - ********Starting TC001_SignUpTest**********
08:05:36.297 [main] INFO  test.TC001_SignUpTest - ********Finishing TC001_SignUpTest**********
08:05:39.132 [main] INFO  test.TC010_FontConsistency - ********Starting TC010_FontConsistency**********
08:05:49.274 [main] INFO  test.TC011_TestAlert_PopupStyling - ********Starting TC011_TestAlert_PopupStyling**********
08:06:04.858 [main] INFO  test.TC007_VerifyNavigation - ********Starting TC007_VerifyNavigation**********
08:06:16.642 [main] INFO  test.TC009_visibilityofaction - ********Starting TC009_visibilityofaction**********
08:06:44.903 [main] INFO  test.TC005_CategoryProducttest - ********Starting TC005_CategoryProducttest**********
08:22:44.828 [main] INFO  test.TC002_LoginTest - ********Starting TC002_LoginTest**********
08:22:49.672 [main] INFO  test.TC008_UIUXTesting - ********Starting TC008_UIUXTesting**********
08:23:17.380 [main] INFO  test.TC002_LoginTest - ********Starting TC002_LoginTest**********
08:23:23.013 [main] INFO  test.TC002_LoginTest - ********Starting TC002_LoginTest**********
08:23:43.833 [main] INFO  test.TC002_LoginTest - ********Starting TC002_LoginTest**********
08:23:45.356 [main] INFO  test.TC002_LoginTest - ********Starting TC002_LoginTest**********
08:23:50.089 [main] INFO  test.TC004_PlaceOrder - ********Starting TC004_PlaceOrder**********
08:24:14.669 [main] INFO  test.TC012_ResponsiveTest - ********Starting TC012_ResponsiveTest**********
08:24:21.092 [main] INFO  test.TC006_Viewproductdetails - ********Starting TC006_Viewproductdetails**********
08:24:29.933 [main] INFO  test.TC008_UIUXTesting - ********Starting TC008_UIUXTesting**********
08:24:33.876 [main] INFO  test.TC008_UIUXTesting - ********Starting TC008_UIUXTesting**********
08:24:38.067 [main] INFO  test.TC008_UIUXTesting - ********Starting TC008_UIUXTesting**********
08:24:45.691 [main] INFO  test.TC003_CartFunctionTest - ********Starting TC003_CartFunctionTest**********
08:25:29.722 [main] INFO  test.TC001_SignUpTest - ********Starting TC001_SignUpTest**********
08:25:35.572 [main] INFO  test.TC001_SignUpTest - ********Finishing TC001_SignUpTest**********
08:25:38.684 [main] INFO  test.TC010_FontConsistency - ********Starting TC010_FontConsistency**********
08:25:51.103 [main] INFO  test.TC011_TestAlert_PopupStyling - ********Starting TC011_TestAlert_PopupStyling**********
08:26:11.542 [main] INFO  test.TC007_VerifyNavigation - ********Starting TC007_VerifyNavigation**********
08:26:21.983 [main] INFO  test.TC009_visibilityofaction - ********Starting TC009_visibilityofaction**********
08:26:49.983 [main] INFO  test.TC005_CategoryProducttest - ********Starting TC005_CategoryProducttest**********
08:30:00.199 [main] INFO  test.TC002_LoginTest - ********Starting TC002_LoginTest**********
08:30:03.334 [main] INFO  test.TC002_LoginTest - ********Starting TC002_LoginTest**********
08:30:05.582 [main] INFO  test.TC002_LoginTest - ********Starting TC002_LoginTest**********
08:30:13.612 [main] INFO  test.TC008_UIUXTesting - ********Starting TC008_UIUXTesting**********
08:50:03.865 [main] INFO  test.TC002_LoginTest - ********Starting TC002_LoginTest**********
08:50:10.124 [main] INFO  test.TC002_LoginTest - ********Starting TC002_LoginTest**********
08:50:31.091 [main] INFO  test.TC002_LoginTest - ********Starting TC002_LoginTest**********
08:50:32.447 [main] INFO  test.TC002_LoginTest - ********Starting TC002_LoginTest**********
08:50:37.918 [main] INFO  test.TC004_PlaceOrder - ********Starting TC004_PlaceOrder**********
08:51:54.676 [main] INFO  test.TC012_ResponsiveTest - ********Starting TC012_ResponsiveTest**********
08:52:01.728 [main] INFO  test.TC006_Viewproductdetails - ********Starting TC006_Viewproductdetails**********
08:52:11.516 [main] INFO  test.TC008_UIUXTesting - ********Starting TC008_UIUXTesting**********
08:52:16.314 [main] INFO  test.TC008_UIUXTesting - ********Starting TC008_UIUXTesting**********
08:52:19.756 [main] INFO  test.TC008_UIUXTesting - ********Starting TC008_UIUXTesting**********
08:52:27.290 [main] INFO  test.TC003_CartFunctionTest - ********Starting TC003_CartFunctionTest**********
08:53:14.021 [main] INFO  test.TC001_SignUpTest - ********Starting TC001_SignUpTest**********
08:53:20.058 [main] INFO  test.TC001_SignUpTest - ********Finishing TC001_SignUpTest**********
08:53:22.717 [main] INFO  test.TC010_FontConsistency - ********Starting TC010_FontConsistency**********
08:53:34.022 [main] INFO  test.TC011_TestAlert_PopupStyling - ********Starting TC011_TestAlert_PopupStyling**********
08:53:51.240 [main] INFO  test.TC007_VerifyNavigation - ********Starting TC007_VerifyNavigation**********
08:54:01.130 [main] INFO  test.TC009_visibilityofaction - ********Starting TC009_visibilityofaction**********
08:54:28.966 [main] INFO  test.TC005_CategoryProducttest - ********Starting TC005_CategoryProducttest**********
09:00:03.896 [main] INFO  test.TC002_LoginTest - ********Starting TC002_LoginTest**********
09:00:07.045 [main] INFO  test.TC002_LoginTest - ********Starting TC002_LoginTest**********
09:00:09.554 [main] INFO  test.TC002_LoginTest - ********Starting TC002_LoginTest**********
09:00:16.459 [main] INFO  test.TC004_PlaceOrder - ********Starting TC004_PlaceOrder**********
09:00:44.927 [main] INFO  test.TC005_CategoryProducttest - ********Starting TC005_CategoryProducttest**********
09:00:49.142 [main] INFO  test.TC008_UIUXTesting - ********Starting TC008_UIUXTesting**********
09:01:51.753 [main] INFO  test.TC002_LoginTest - ********Starting TC002_LoginTest**********
09:01:56.947 [main] INFO  test.TC002_LoginTest - ********Starting TC002_LoginTest**********
09:02:18.074 [main] INFO  test.TC002_LoginTest - ********Starting TC002_LoginTest**********
09:02:19.447 [main] INFO  test.TC002_LoginTest - ********Starting TC002_LoginTest**********
09:02:25.831 [main] INFO  test.TC004_PlaceOrder - ********Starting TC004_PlaceOrder**********
09:02:52.720 [main] INFO  test.TC012_ResponsiveTest - ********Starting TC012_ResponsiveTest**********
09:03:01.097 [main] INFO  test.TC006_Viewproductdetails - ********Starting TC006_Viewproductdetails**********
09:03:11.353 [main] INFO  test.TC008_UIUXTesting - ********Starting TC008_UIUXTesting**********
09:03:16.770 [main] INFO  test.TC008_UIUXTesting - ********Starting TC008_UIUXTesting**********
09:03:23.991 [main] INFO  test.TC003_CartFunctionTest - ********Starting TC003_CartFunctionTest**********
09:04:10.218 [main] INFO  test.TC001_SignUpTest - ********Starting TC001_SignUpTest**********
09:04:15.934 [main] INFO  test.TC001_SignUpTest - ********Finishing TC001_SignUpTest**********
09:04:18.589 [main] INFO  test.TC010_FontConsistency - ********Starting TC010_FontConsistency**********
09:04:29.556 [main] INFO  test.TC011_TestAlert_PopupStyling - ********Starting TC011_TestAlert_PopupStyling**********
09:04:46.217 [main] INFO  test.TC007_VerifyNavigation - ********Starting TC007_VerifyNavigation**********
09:04:56.798 [main] INFO  test.TC009_visibilityofaction - ********Starting TC009_visibilityofaction**********
09:05:25.203 [main] INFO  test.TC005_CategoryProducttest - ********Starting TC005_CategoryProducttest**********
